=== branch: task/845 ===
=== head:   057dc2e637 ===


========================================================
shared/tests — proc_group, cli_invoke, usage_gate
========================================================
============================= test session starts ==============================
platform linux -- Python 3.14.0, pytest-9.0.3, pluggy-1.6.0 -- /home/leo/src/dark-factory/.worktrees/845/.venv/bin/python
cachedir: .pytest_cache
rootdir: /home/leo/src/dark-factory/.worktrees/845/shared
configfile: pyproject.toml
plugins: timeout-2.4.0, asyncio-1.3.0, anyio-4.13.0
asyncio: mode=Mode.AUTO, debug=False, asyncio_default_fixture_loop_scope=None, asyncio_default_test_loop_scope=function
collecting ... collected 11 items

tests/test_proc_group.py::TestTerminateProcessGroup::test_terminate_process_group_kills_real_subprocess PASSED [  9%]
tests/test_proc_group.py::TestTerminateProcessGroup::test_terminate_process_group_escalates_to_sigkill PASSED [ 18%]
tests/test_proc_group.py::TestTerminateProcessGroup::test_terminate_process_group_reaps_grandchildren PASSED [ 27%]
tests/test_proc_group.py::TestTerminateProcessGroup::test_terminate_process_group_idempotent_on_already_dead_proc PASSED [ 36%]
tests/test_proc_group.py::TestTerminateProcessGroup::test_no_killpg_after_explicit_reap PASSED [ 45%]
tests/test_proc_group.py::TestTerminateProcessGroup::test_refuses_pgid_equal_to_self_pid PASSED [ 54%]
tests/test_proc_group.py::TestTerminateProcessGroup::test_refuses_pgid_one PASSED [ 63%]
tests/test_proc_group.py::TestTerminateProcessGroup::test_refuses_pgid_mismatching_proc_pid PASSED [ 72%]
tests/test_cli_invoke.py::TestRunSubprocessProcessGroup::test_run_subprocess_passes_start_new_session_true PASSED [ 81%]
tests/test_usage_gate.py::TestUsageGateProbeProcessGroup::test_usage_gate_probe_passes_start_new_session_true PASSED [ 90%]
tests/test_usage_gate.py::TestUsageGateProbeProcessGroup::test_usage_gate_probe_cleanup_uses_terminate_process_group PASSED [100%]

============================== 11 passed in 1.03s ==============================

========================================================
orchestrator/tests — shutdown, verify, mcp_retry, steward
========================================================
============================= test session starts ==============================
platform linux -- Python 3.14.0, pytest-9.0.3, pluggy-1.6.0 -- /home/leo/src/dark-factory/.worktrees/845/.venv/bin/python
cachedir: .pytest_cache
rootdir: /home/leo/src/dark-factory/.worktrees/845/orchestrator
configfile: pyproject.toml
plugins: timeout-2.4.0, asyncio-1.3.0, anyio-4.13.0
asyncio: mode=Mode.STRICT, debug=False, asyncio_default_fixture_loop_scope=None, asyncio_default_test_loop_scope=function
collecting ... collected 10 items

tests/test_shutdown.py::test_sigterm_exits_within_deadline PASSED        [ 10%]
tests/test_shutdown.py::test_sigterm_reaps_subprocess_and_no_stragglers PASSED [ 20%]
tests/test_shutdown.py::test_sigterm_reaps_verify_subprocess_tree PASSED [ 30%]
tests/test_verify.py::TestRunCmdProcessGroup::test_run_cmd_passes_start_new_session_true PASSED [ 40%]
tests/test_verify.py::TestRunCmdProcessGroup::test_run_cmd_killpg_sequence_on_timeout PASSED [ 50%]
tests/test_verify.py::TestRunCmdProcessGroup::test_run_cmd_killpg_on_cancellation PASSED [ 60%]
tests/test_mcp_retry.py::TestMcpLifecycleProcessGroup::test_mcp_lifecycle_starts_subprocess_in_new_session PASSED [ 70%]
tests/test_mcp_retry.py::TestMcpLifecycleProcessGroup::test_mcp_lifecycle_stop_uses_terminate_process_group PASSED [ 80%]
tests/test_steward.py::TestStewardWatcherProcessGroup::test_steward_watcher_passes_start_new_session_true PASSED [ 90%]
tests/test_steward.py::TestStewardWatcherProcessGroup::test_steward_watcher_cleanup_uses_terminate_process_group PASSED [100%]

============================== 10 passed in 0.60s ==============================

All proc_group test surfaces GREEN.
